<?xml version="1.0" encoding="UTF-8" ?>
<testsuite tests="31" failures="0" name="com.mycompany.unicafe.KassapaateTest" time="0.176" errors="0" skipped="0">
  <properties>
[...]
</properties>
  <testcase classname="com.mycompany.unicafe.KassapaateTest" name="syoMaukkaastiKateisellaKassanRahamaaraKasvaa" time="0.003"/>
  <testcase classname="com.mycompany.unicafe.KassapaateTest" name="syoEdullisestiRahanRiittaessaMyytyjenLounaidenMaaraKasvaa" time="0.002"/>
  <testcase classname="com.mycompany.unicafe.KassapaateTest" name="syoMaukkaastiKateisellaRahaEiRiitaPalautetaanVaihtorahana" time="0"/>
  <testcase classname="com.mycompany.unicafe.KassapaateTest" name="kortilleEiVoiLadataNegatiivistaSummaa" time="0"/>
  <testcase classname="com.mycompany.unicafe.KassapaateTest" name="syoEdullisestiKortillaKassanRahamaaraMuuttumaton" time="0"/>
  <testcase classname="com.mycompany.unicafe.KassapaateTest" name="kassapaatteessaOikeaMaaraRahaaAlussa" time="0"/>
  <testcase classname="com.mycompany.unicafe.KassapaateTest" name="kortilleLadataanRahaaSaldoMuuttuu" time="0"/>
  <testcase classname="com.mycompany.unicafe.KassapaateTest" name="syoEdullisestiRahaEiRiitaaMyytyjenLounaidenMaaraEiMuutu" time="0"/>
  <testcase classname="com.mycompany.unicafe.KassapaateTest" name="syoEdullisestiKateisellaKassanRahamaaraKasvaa" time="0"/>
  <testcase classname="com.mycompany.unicafe.KassapaateTest" name="syoMaukkaastiRahanRiittaessaMyytyjenLounaidenMaaraKasvaa" time="0"/>
  <testcase classname="com.mycompany.unicafe.KassapaateTest" name="syoMaukkaastiRahatEiRiitaPalautaFalse" time="0"/>
  <testcase classname="com.mycompany.unicafe.KassapaateTest" name="syoMaukkaastiKortillaKassanRahamaaraMuuttumaton" time="0"/>
  <testcase classname="com.mycompany.unicafe.KassapaateTest" name="syoEdullisestiRahatEiRiitaPalautaFalse" time="0"/>
  <testcase classname="com.mycompany.unicafe.KassapaateTest" name="syoMaukkaastiKortillaRahatEiRiitaMyytyjenLounaidenMaaraEiMuutu" time="0"/>
  <testcase classname="com.mycompany.unicafe.KassapaateTest" name="syoEdullisestiKateisellaRahaEiRiitaPalautetaanVaihtorahana" time="0.001"/>
  <testcase classname="com.mycompany.unicafe.KassapaateTest" name="syoMaukkaastiRahaEiRiitaMyytyjenLounaidenMaaraEiMuutu" time="0"/>
  <testcase classname="com.mycompany.unicafe.KassapaateTest" name="syoMaukkaastiKortillaRahatEiRiitaSaldoEiMuutu" time="0"/>
  <testcase classname="com.mycompany.unicafe.KassapaateTest" name="syoEdullisestiKateisellaRahaEiRiitaKassanRahamaaraEiMuutu" time="0"/>
  <testcase classname="com.mycompany.unicafe.KassapaateTest" name="syoEdullisestiKorttiOstoSummaVeloitetaanOikein" time="0"/>
  <testcase classname="com.mycompany.unicafe.KassapaateTest" name="syoEdullisestiKortillaMyytyjenLounaidenMaaraKasvaa" time="0"/>
  <testcase classname="com.mycompany.unicafe.KassapaateTest" name="syoMaukkaastiKortillaMyytyjenLounaidenMaaraKasvaa" time="0"/>
  <testcase classname="com.mycompany.unicafe.KassapaateTest" name="syoMaukkaastiKortillaRahatRiittaaPalauttaaTrue" time="0"/>
  <testcase classname="com.mycompany.unicafe.KassapaateTest" name="syoMaukkaastiKateisellaRahaEiRiitaKassanRahamaaraEiMuutu" time="0.001"/>
  <testcase classname="com.mycompany.unicafe.KassapaateTest" name="kortilleLadattuArvoKasvattaaKassanRahamaaraa" time="0"/>
  <testcase classname="com.mycompany.unicafe.KassapaateTest" name="syoEdullisestiKortillaRahatRiittaaPalauttaaTrue" time="0"/>
  <testcase classname="com.mycompany.unicafe.KassapaateTest" name="syoEdullisestiKortillaRahatEiRiitaMyytyjenLounaidenMaaraEiMuutu" time="0.001"/>
  <testcase classname="com.mycompany.unicafe.KassapaateTest" name="syoMaukkaastiKateismaksussaVaihtorahaToimii" time="0"/>
  <testcase classname="com.mycompany.unicafe.KassapaateTest" name="lounaidenMaaraAlussaOikea" time="0.001"/>
  <testcase classname="com.mycompany.unicafe.KassapaateTest" name="syoEdullisestiKateismaksussaVaihtorahaToimii" time="0"/>
  <testcase classname="com.mycompany.unicafe.KassapaateTest" name="syoEdullisestiKortillaRahatEiRiitaSaldoEiMuutu" time="0.004"/>
  <testcase classname="com.mycompany.unicafe.KassapaateTest" name="syoMaukkaastiKorttiOstoSummaVeloitetaanOikein" time="0"/>
</testsuite>